{"name": "ADD_THE_FIRST_PRODUCT_TO_THE_CAR", "status": "broken", "statusDetails": {"message": "selenium.common.exceptions.NoSuchElementException: Message: An element could not be located on the page using the given search parameters.\nStacktrace:\nNoSuchElementError: An element could not be located on the page using the given search parameters.\n    at AndroidUiautomator2Driver.findElOrEls (E:\\Users\\948248\\AppData\\Local\\Programs\\Appium Server GUI\\resources\\app\\node_modules\\appium\\node_modules\\appium-android-driver\\lib\\commands\\find.js:75:11)\n    at runMicrotasks (<anonymous>)\n    at processTicksAndRejections (internal/process/task_queues.js:97:5)\n    at AndroidUiautomator2Driver.findElOrElsWithProcessing (E:\\Users\\948248\\AppData\\Local\\Programs\\Appium Server GUI\\resources\\app\\node_modules\\appium\\node_modules\\appium-base-driver\\lib\\basedriver\\commands\\find.js:33:12)\n    at AndroidUiautomator2Driver.findElement (E:\\Users\\948248\\AppData\\Local\\Programs\\Appium Server GUI\\resources\\app\\node_modules\\appium\\node_modules\\appium-base-driver\\lib\\basedriver\\commands\\find.js:53:10)\n", "trace": "  File \"C:\\Python311\\Lib\\site-packages\\behave\\model.py\", line 1329, in run\n    match.run(runner.context)\n  File \"C:\\Python311\\Lib\\site-packages\\behave\\matchers.py\", line 98, in run\n    self.func(context, *args, **kwargs)\n  File \"steps\\add_a_product_to_the_car_steps.py\", line 19, in step_impl\n    producto_screen.tap_element(*producto_screen.btn_first_item)\n  File \"E:\\Users\\948248\\Documents\\BAZQA4-2023\\Entregables\\behave\\Behave\\utils\\common_actions.py\", line 18, in tap_element\n    action.tap(self.find_element(*locator)).perform()\n               ^^^^^^^^^^^^^^^^^^^^^^^^^^^\n  File \"E:\\Users\\948248\\Documents\\BAZQA4-2023\\Entregables\\behave\\Behave\\utils\\common_actions.py\", line 10, in find_element\n    return self.driver.find_element(*locator)\n           ^^^^^^^^^^^^^^^^^^^^^^^^^^^^^^^^^^\n  File \"C:\\Python311\\Lib\\site-packages\\appium\\webdriver\\webdriver.py\", line 387, in find_element\n    return self.execute(RemoteCommand.FIND_ELEMENT, {'using': by, 'value': value})['value']\n           ^^^^^^^^^^^^^^^^^^^^^^^^^^^^^^^^^^^^^^^^^^^^^^^^^^^^^^^^^^^^^^^^^^^^^^^\n  File \"C:\\Python311\\Lib\\site-packages\\selenium\\webdriver\\remote\\webdriver.py\", line 440, in execute\n    self.error_handler.check_response(response)\n  File \"C:\\Python311\\Lib\\site-packages\\appium\\webdriver\\errorhandler.py\", line 30, in check_response\n    raise wde\n  File \"C:\\Python311\\Lib\\site-packages\\appium\\webdriver\\errorhandler.py\", line 26, in check_response\n    super().check_response(response)\n  File \"C:\\Python311\\Lib\\site-packages\\selenium\\webdriver\\remote\\errorhandler.py\", line 245, in check_response\n    raise exception_class(message, screen, stacktrace)\n"}, "steps": [{"name": "Given we are in the \"Productos\" screen", "status": "passed", "start": 1683318849692, "stop": 1683318855424}, {"name": "When we tap on \"AÃ±adir a carrito\" from the first item", "status": "broken", "statusDetails": {"message": "selenium.common.exceptions.NoSuchElementException: Message: An element could not be located on the page using the given search parameters.\nStacktrace:\nNoSuchElementError: An element could not be located on the page using the given search parameters.\n    at AndroidUiautomator2Driver.findElOrEls (E:\\Users\\948248\\AppData\\Local\\Programs\\Appium Server GUI\\resources\\app\\node_modules\\appium\\node_modules\\appium-android-driver\\lib\\commands\\find.js:75:11)\n    at runMicrotasks (<anonymous>)\n    at processTicksAndRejections (internal/process/task_queues.js:97:5)\n    at AndroidUiautomator2Driver.findElOrElsWithProcessing (E:\\Users\\948248\\AppData\\Local\\Programs\\Appium Server GUI\\resources\\app\\node_modules\\appium\\node_modules\\appium-base-driver\\lib\\basedriver\\commands\\find.js:33:12)\n    at AndroidUiautomator2Driver.findElement (E:\\Users\\948248\\AppData\\Local\\Programs\\Appium Server GUI\\resources\\app\\node_modules\\appium\\node_modules\\appium-base-driver\\lib\\basedriver\\commands\\find.js:53:10)\n", "trace": "  File \"C:\\Python311\\Lib\\site-packages\\behave\\model.py\", line 1329, in run\n    match.run(runner.context)\n  File \"C:\\Python311\\Lib\\site-packages\\behave\\matchers.py\", line 98, in run\n    self.func(context, *args, **kwargs)\n  File \"steps\\add_a_product_to_the_car_steps.py\", line 19, in step_impl\n    producto_screen.tap_element(*producto_screen.btn_first_item)\n  File \"E:\\Users\\948248\\Documents\\BAZQA4-2023\\Entregables\\behave\\Behave\\utils\\common_actions.py\", line 18, in tap_element\n    action.tap(self.find_element(*locator)).perform()\n               ^^^^^^^^^^^^^^^^^^^^^^^^^^^\n  File \"E:\\Users\\948248\\Documents\\BAZQA4-2023\\Entregables\\behave\\Behave\\utils\\common_actions.py\", line 10, in find_element\n    return self.driver.find_element(*locator)\n           ^^^^^^^^^^^^^^^^^^^^^^^^^^^^^^^^^^\n  File \"C:\\Python311\\Lib\\site-packages\\appium\\webdriver\\webdriver.py\", line 387, in find_element\n    return self.execute(RemoteCommand.FIND_ELEMENT, {'using': by, 'value': value})['value']\n           ^^^^^^^^^^^^^^^^^^^^^^^^^^^^^^^^^^^^^^^^^^^^^^^^^^^^^^^^^^^^^^^^^^^^^^^\n  File \"C:\\Python311\\Lib\\site-packages\\selenium\\webdriver\\remote\\webdriver.py\", line 440, in execute\n    self.error_handler.check_response(response)\n  File \"C:\\Python311\\Lib\\site-packages\\appium\\webdriver\\errorhandler.py\", line 30, in check_response\n    raise wde\n  File \"C:\\Python311\\Lib\\site-packages\\appium\\webdriver\\errorhandler.py\", line 26, in check_response\n    super().check_response(response)\n  File \"C:\\Python311\\Lib\\site-packages\\selenium\\webdriver\\remote\\errorhandler.py\", line 245, in check_response\n    raise exception_class(message, screen, stacktrace)\n"}, "start": 1683318855425, "stop": 1683318865658}, {"name": "And we tap on the card icon", "status": "skipped", "start": 1683318865662, "stop": 1683318865662}, {"name": "Then we validate that the product title is correct", "status": "skipped", "start": 1683318865662, "stop": 1683318865662}], "start": 1683318831790, "stop": 1683318865662, "uuid": "c12b1274-ff0f-43e3-9d7f-dd4ee49fc8b4", "historyId": "62d5b05229f82174e2010e7a07ebabd4", "fullName": "ADD_A_PRODUCT_TO_THE_CAR: ADD_THE_FIRST_PRODUCT_TO_THE_CAR", "labels": [{"name": "severity", "value": "normal"}, {"name": "tag", "value": "e2e"}, {"name": "feature", "value": "ADD_A_PRODUCT_TO_THE_CAR"}, {"name": "framework", "value": "behave"}, {"name": "language", "value": "cpython3"}]}